#! /usr/bin/vvp
:ivl_version "10.3 (stable)";
:ivl_delay_selection "TYPICAL";
:vpi_time_precision + 0;
:vpi_module "system";
:vpi_module "vhdl_sys";
:vpi_module "v2005_math";
:vpi_module "va_math";
S_0x55ede6777c80 .scope module, "Cpu" "Cpu" 2 4;
 .timescale 0 0;
    .port_info 0 /INPUT 1 "clk"
    .port_info 1 /INPUT 32 "instruction"
    .port_info 2 /INPUT 32 "data_in"
    .port_info 3 /OUTPUT 32 "data_out"
    .port_info 4 /OUTPUT 32 "address_instruction"
    .port_info 5 /OUTPUT 32 "address_data"
L_0x55ede6726b30 .functor BUFZ 32, v0x55ede67a3cd0_0, C4<00000000000000000000000000000000>, C4<00000000000000000000000000000000>, C4<00000000000000000000000000000000>;
o0x7f75b03fc2e8 .functor BUFZ 32, C4<zzzzzzzzzzzzzzzzzzzzzzzzzzzzzzzz>; HiZ drive
L_0x7f75b03b0180 .functor BUFT 1, C4<00000000000000000000000001111111>, C4<0>, C4<0>, C4<0>;
L_0x55ede67b5b80 .functor AND 32, o0x7f75b03fc2e8, L_0x7f75b03b0180, C4<11111111111111111111111111111111>, C4<11111111111111111111111111111111>;
L_0x7f75b03b0210 .functor BUFT 1, C4<00000000000000000000000001111111>, C4<0>, C4<0>, C4<0>;
L_0x55ede6726a10 .functor AND 32, o0x7f75b03fc2e8, L_0x7f75b03b0210, C4<11111111111111111111111111111111>, C4<11111111111111111111111111111111>;
L_0x7f75b03b02a0 .functor BUFT 1, C4<00000000000000000000000001111111>, C4<0>, C4<0>, C4<0>;
L_0x55ede6726cb0 .functor AND 32, o0x7f75b03fc2e8, L_0x7f75b03b02a0, C4<11111111111111111111111111111111>, C4<11111111111111111111111111111111>;
L_0x7f75b03b0330 .functor BUFT 1, C4<00000000000000000111000001111111>, C4<0>, C4<0>, C4<0>;
L_0x55ede67b76e0 .functor AND 32, o0x7f75b03fc2e8, L_0x7f75b03b0330, C4<11111111111111111111111111111111>, C4<11111111111111111111111111111111>;
L_0x7f75b03b03c0 .functor BUFT 1, C4<00000000000000000111000001111111>, C4<0>, C4<0>, C4<0>;
L_0x55ede67b7bf0 .functor AND 32, o0x7f75b03fc2e8, L_0x7f75b03b03c0, C4<11111111111111111111111111111111>, C4<11111111111111111111111111111111>;
L_0x7f75b03b0450 .functor BUFT 1, C4<00000000000000000111000001111111>, C4<0>, C4<0>, C4<0>;
L_0x55ede67b7e30 .functor AND 32, o0x7f75b03fc2e8, L_0x7f75b03b0450, C4<11111111111111111111111111111111>, C4<11111111111111111111111111111111>;
L_0x55ede67b8170 .functor OR 1, L_0x55ede67b7cf0, L_0x55ede67b7ef0, C4<0>, C4<0>;
L_0x7f75b03b04e0 .functor BUFT 1, C4<00000000000000000111000001111111>, C4<0>, C4<0>, C4<0>;
L_0x55ede67b82d0 .functor AND 32, o0x7f75b03fc2e8, L_0x7f75b03b04e0, C4<11111111111111111111111111111111>, C4<11111111111111111111111111111111>;
L_0x55ede67b84d0 .functor OR 1, L_0x55ede67b8170, L_0x55ede67b8390, C4<0>, C4<0>;
L_0x7f75b03b0570 .functor BUFT 1, C4<00000000000000000111000001111111>, C4<0>, C4<0>, C4<0>;
L_0x55ede67b8640 .functor AND 32, o0x7f75b03fc2e8, L_0x7f75b03b0570, C4<11111111111111111111111111111111>, C4<11111111111111111111111111111111>;
L_0x55ede67b8910 .functor OR 1, L_0x55ede67b84d0, L_0x55ede67b86b0, C4<0>, C4<0>;
L_0x7f75b03b0600 .functor BUFT 1, C4<00000000000000000111000001111111>, C4<0>, C4<0>, C4<0>;
L_0x55ede67b8a90 .functor AND 32, o0x7f75b03fc2e8, L_0x7f75b03b0600, C4<11111111111111111111111111111111>, C4<11111111111111111111111111111111>;
L_0x55ede67b8c90 .functor OR 1, L_0x55ede67b8910, L_0x55ede67b8b50, C4<0>, C4<0>;
L_0x7f75b03b0690 .functor BUFT 1, C4<00000000000000000111000001111111>, C4<0>, C4<0>, C4<0>;
L_0x55ede67b8a20 .functor AND 32, o0x7f75b03fc2e8, L_0x7f75b03b0690, C4<11111111111111111111111111111111>, C4<11111111111111111111111111111111>;
L_0x55ede67b87f0 .functor OR 1, L_0x55ede67b8c90, L_0x55ede67b8e70, C4<0>, C4<0>;
L_0x7f75b03b0720 .functor BUFT 1, C4<00000000000000000111000001111111>, C4<0>, C4<0>, C4<0>;
L_0x55ede67b9170 .functor AND 32, o0x7f75b03fc2e8, L_0x7f75b03b0720, C4<11111111111111111111111111111111>, C4<11111111111111111111111111111111>;
L_0x7f75b03b07b0 .functor BUFT 1, C4<00000000000000000111000001111111>, C4<0>, C4<0>, C4<0>;
L_0x55ede67b9370 .functor AND 32, o0x7f75b03fc2e8, L_0x7f75b03b07b0, C4<11111111111111111111111111111111>, C4<11111111111111111111111111111111>;
L_0x55ede67b9780 .functor OR 1, L_0x55ede67b9230, L_0x55ede67b94d0, C4<0>, C4<0>;
L_0x7f75b03b0840 .functor BUFT 1, C4<00000000000000000111000001111111>, C4<0>, C4<0>, C4<0>;
L_0x55ede67b9890 .functor AND 32, o0x7f75b03fc2e8, L_0x7f75b03b0840, C4<11111111111111111111111111111111>, C4<11111111111111111111111111111111>;
L_0x55ede67b9aa0 .functor OR 1, L_0x55ede67b9780, L_0x55ede67b9430, C4<0>, C4<0>;
L_0x7f75b03b08d0 .functor BUFT 1, C4<00000000000000000111000001111111>, C4<0>, C4<0>, C4<0>;
L_0x55ede67b9bb0 .functor AND 32, o0x7f75b03fc2e8, L_0x7f75b03b08d0, C4<11111111111111111111111111111111>, C4<11111111111111111111111111111111>;
L_0x55ede67ba1d0 .functor OR 1, L_0x55ede67b9aa0, L_0x55ede67b9f40, C4<0>, C4<0>;
L_0x7f75b03b0960 .functor BUFT 1, C4<00000000000000000111000001111111>, C4<0>, C4<0>, C4<0>;
L_0x55ede67ba2e0 .functor AND 32, o0x7f75b03fc2e8, L_0x7f75b03b0960, C4<11111111111111111111111111111111>, C4<11111111111111111111111111111111>;
L_0x55ede67ba5b0 .functor OR 1, L_0x55ede67ba1d0, L_0x55ede67ba470, C4<0>, C4<0>;
L_0x7f75b03b09f0 .functor BUFT 1, C4<00000000000000000111000001111111>, C4<0>, C4<0>, C4<0>;
L_0x55ede67ba6c0 .functor AND 32, o0x7f75b03fc2e8, L_0x7f75b03b09f0, C4<11111111111111111111111111111111>, C4<11111111111111111111111111111111>;
L_0x7f75b03b0a80 .functor BUFT 1, C4<00000000000000000111000001111111>, C4<0>, C4<0>, C4<0>;
L_0x55ede67bab00 .functor AND 32, o0x7f75b03fc2e8, L_0x7f75b03b0a80, C4<11111111111111111111111111111111>, C4<11111111111111111111111111111111>;
L_0x55ede67bad30 .functor OR 1, L_0x55ede67ba860, L_0x55ede67babc0, C4<0>, C4<0>;
L_0x7f75b03b0b10 .functor BUFT 1, C4<00000000000000000111000001111111>, C4<0>, C4<0>, C4<0>;
L_0x55ede67baf30 .functor AND 32, o0x7f75b03fc2e8, L_0x7f75b03b0b10, C4<11111111111111111111111111111111>, C4<11111111111111111111111111111111>;
L_0x55ede67bb2a0 .functor OR 1, L_0x55ede67bad30, L_0x55ede67baff0, C4<0>, C4<0>;
L_0x7f75b03b0ba0 .functor BUFT 1, C4<00000000000000000111000001111111>, C4<0>, C4<0>, C4<0>;
L_0x55ede67bb4b0 .functor AND 32, o0x7f75b03fc2e8, L_0x7f75b03b0ba0, C4<11111111111111111111111111111111>, C4<11111111111111111111111111111111>;
L_0x7f75b03b0c30 .functor BUFT 1, C4<00000000000000000111000001111111>, C4<0>, C4<0>, C4<0>;
L_0x55ede67bb6b0 .functor AND 32, o0x7f75b03fc2e8, L_0x7f75b03b0c30, C4<11111111111111111111111111111111>, C4<11111111111111111111111111111111>;
L_0x55ede67bbb70 .functor OR 1, L_0x55ede67bb570, L_0x55ede67bb880, C4<0>, C4<0>;
L_0x7f75b03b0cc0 .functor BUFT 1, C4<00000000000000000111000001111111>, C4<0>, C4<0>, C4<0>;
L_0x55ede67bbc80 .functor AND 32, o0x7f75b03fc2e8, L_0x7f75b03b0cc0, C4<11111111111111111111111111111111>, C4<11111111111111111111111111111111>;
L_0x55ede67bbfa0 .functor OR 1, L_0x55ede67bbb70, L_0x55ede67bbe60, C4<0>, C4<0>;
L_0x7f75b03b0d50 .functor BUFT 1, C4<00000000000000000111000001111111>, C4<0>, C4<0>, C4<0>;
L_0x55ede67bc0b0 .functor AND 32, o0x7f75b03fc2e8, L_0x7f75b03b0d50, C4<11111111111111111111111111111111>, C4<11111111111111111111111111111111>;
L_0x55ede67bc480 .functor OR 1, L_0x55ede67bbfa0, L_0x55ede67bbd40, C4<0>, C4<0>;
L_0x7f75b03b0de0 .functor BUFT 1, C4<00000000000000000111000001111111>, C4<0>, C4<0>, C4<0>;
L_0x55ede67bc590 .functor AND 32, o0x7f75b03fc2e8, L_0x7f75b03b0de0, C4<11111111111111111111111111111111>, C4<11111111111111111111111111111111>;
L_0x55ede67bc8d0 .functor OR 1, L_0x55ede67bc480, L_0x55ede67bc790, C4<0>, C4<0>;
L_0x7f75b03b0e70 .functor BUFT 1, C4<00000000000000000111000001111111>, C4<0>, C4<0>, C4<0>;
L_0x55ede67bc9e0 .functor AND 32, o0x7f75b03fc2e8, L_0x7f75b03b0e70, C4<11111111111111111111111111111111>, C4<11111111111111111111111111111111>;
L_0x55ede67bced0 .functor OR 1, L_0x55ede67bc8d0, L_0x55ede67bcbf0, C4<0>, C4<0>;
L_0x7f75b03b0f00 .functor BUFT 1, C4<00000000000000000111000001111111>, C4<0>, C4<0>, C4<0>;
L_0x55ede67bcfe0 .functor AND 32, o0x7f75b03fc2e8, L_0x7f75b03b0f00, C4<11111111111111111111111111111111>, C4<11111111111111111111111111111111>;
L_0x7f75b03b0f90 .functor BUFT 1, C4<00000000000000000111000001111111>, C4<0>, C4<0>, C4<0>;
L_0x55ede67bd340 .functor AND 32, o0x7f75b03fc2e8, L_0x7f75b03b0f90, C4<11111111111111111111111111111111>, C4<11111111111111111111111111111111>;
L_0x55ede67bd6f0 .functor OR 1, L_0x55ede67bd200, L_0x55ede67bd400, C4<0>, C4<0>;
L_0x7f75b03b1020 .functor BUFT 1, C4<00000000000000000111000001111111>, C4<0>, C4<0>, C4<0>;
L_0x55ede67bd970 .functor AND 32, o0x7f75b03fc2e8, L_0x7f75b03b1020, C4<11111111111111111111111111111111>, C4<11111111111111111111111111111111>;
L_0x55ede67bdb70 .functor OR 1, L_0x55ede67bd6f0, L_0x55ede67bda30, C4<0>, C4<0>;
L_0x7f75b03b10b0 .functor BUFT 1, C4<11111110000000000111000001111111>, C4<0>, C4<0>, C4<0>;
L_0x55ede67bde00 .functor AND 32, o0x7f75b03fc2e8, L_0x7f75b03b10b0, C4<11111111111111111111111111111111>, C4<11111111111111111111111111111111>;
L_0x7f75b03b1140 .functor BUFT 1, C4<11111110000000000111000001111111>, C4<0>, C4<0>, C4<0>;
L_0x55ede67be1c0 .functor AND 32, o0x7f75b03fc2e8, L_0x7f75b03b1140, C4<11111111111111111111111111111111>, C4<11111111111111111111111111111111>;
L_0x55ede67be580 .functor OR 1, L_0x55ede67bdec0, L_0x55ede67be410, C4<0>, C4<0>;
L_0x7f75b03b11d0 .functor BUFT 1, C4<11111110000000000111000001111111>, C4<0>, C4<0>, C4<0>;
L_0x55ede67be690 .functor AND 32, o0x7f75b03fc2e8, L_0x7f75b03b11d0, C4<11111111111111111111111111111111>, C4<11111111111111111111111111111111>;
L_0x55ede67bf010 .functor OR 1, L_0x55ede67be580, L_0x55ede67bed00, C4<0>, C4<0>;
L_0x7f75b03b1260 .functor BUFT 1, C4<11111110000000000111000001111111>, C4<0>, C4<0>, C4<0>;
L_0x55ede67bf120 .functor AND 32, o0x7f75b03fc2e8, L_0x7f75b03b1260, C4<11111111111111111111111111111111>, C4<11111111111111111111111111111111>;
L_0x55ede67bf4d0 .functor OR 1, L_0x55ede67bf010, L_0x55ede67bf390, C4<0>, C4<0>;
L_0x7f75b03b12f0 .functor BUFT 1, C4<11111110000000000111000001111111>, C4<0>, C4<0>, C4<0>;
L_0x55ede67bf5e0 .functor AND 32, o0x7f75b03fc2e8, L_0x7f75b03b12f0, C4<11111111111111111111111111111111>, C4<11111111111111111111111111111111>;
L_0x55ede67bfb80 .functor OR 1, L_0x55ede67bf4d0, L_0x55ede67bf860, C4<0>, C4<0>;
L_0x7f75b03b1380 .functor BUFT 1, C4<11111110000000000111000001111111>, C4<0>, C4<0>, C4<0>;
L_0x55ede67bfc90 .functor AND 32, o0x7f75b03fc2e8, L_0x7f75b03b1380, C4<11111111111111111111111111111111>, C4<11111111111111111111111111111111>;
L_0x55ede67c0060 .functor OR 1, L_0x55ede67bfb80, L_0x55ede67bff20, C4<0>, C4<0>;
L_0x7f75b03b1410 .functor BUFT 1, C4<11111110000000000111000001111111>, C4<0>, C4<0>, C4<0>;
L_0x55ede67c0170 .functor AND 32, o0x7f75b03fc2e8, L_0x7f75b03b1410, C4<11111111111111111111111111111111>, C4<11111111111111111111111111111111>;
L_0x55ede67c0740 .functor OR 1, L_0x55ede67c0060, L_0x55ede67c0410, C4<0>, C4<0>;
L_0x7f75b03b14a0 .functor BUFT 1, C4<11111110000000000111000001111111>, C4<0>, C4<0>, C4<0>;
L_0x55ede67c0850 .functor AND 32, o0x7f75b03fc2e8, L_0x7f75b03b14a0, C4<11111111111111111111111111111111>, C4<11111111111111111111111111111111>;
L_0x55ede67c0c40 .functor OR 1, L_0x55ede67c0740, L_0x55ede67c0b00, C4<0>, C4<0>;
L_0x7f75b03b1530 .functor BUFT 1, C4<11111110000000000111000001111111>, C4<0>, C4<0>, C4<0>;
L_0x55ede67c0d50 .functor AND 32, o0x7f75b03fc2e8, L_0x7f75b03b1530, C4<11111111111111111111111111111111>, C4<11111111111111111111111111111111>;
L_0x55ede67c1350 .functor OR 1, L_0x55ede67c0c40, L_0x55ede67c1010, C4<0>, C4<0>;
L_0x7f75b03b15c0 .functor BUFT 1, C4<11111110000000000111000001111111>, C4<0>, C4<0>, C4<0>;
L_0x55ede67c1460 .functor AND 32, o0x7f75b03fc2e8, L_0x7f75b03b15c0, C4<11111111111111111111111111111111>, C4<11111111111111111111111111111111>;
L_0x55ede67c1870 .functor OR 1, L_0x55ede67c1350, L_0x55ede67c1730, C4<0>, C4<0>;
v0x55ede6797770_0 .net "ALUfunc", 9 0, L_0x55ede67b65a0;  1 drivers
v0x55ede6797850_0 .net "ALUfunc_s", 9 0, L_0x55ede67b6ea0;  1 drivers
L_0x7f75b03b0018 .functor BUFT 1, C4<00000000000000000000000000000001>, C4<0>, C4<0>, C4<0>;
v0x55ede6797910_0 .net/2u *"_s0", 31 0, L_0x7f75b03b0018;  1 drivers
L_0x7f75b03b0378 .functor BUFT 1, C4<00000000000000000000000001100111>, C4<0>, C4<0>, C4<0>;
v0x55ede67979d0_0 .net/2u *"_s100", 31 0, L_0x7f75b03b0378;  1 drivers
v0x55ede6797ab0_0 .net *"_s102", 0 0, L_0x55ede67b79b0;  1 drivers
v0x55ede6797b70_0 .net/2u *"_s106", 31 0, L_0x7f75b03b03c0;  1 drivers
v0x55ede6797c50_0 .net *"_s108", 31 0, L_0x55ede67b7bf0;  1 drivers
L_0x7f75b03b0408 .functor BUFT 1, C4<00000000000000000000000001100011>, C4<0>, C4<0>, C4<0>;
v0x55ede6797d30_0 .net/2u *"_s110", 31 0, L_0x7f75b03b0408;  1 drivers
v0x55ede6797e10_0 .net *"_s112", 0 0, L_0x55ede67b7cf0;  1 drivers
v0x55ede6797ed0_0 .net/2u *"_s114", 31 0, L_0x7f75b03b0450;  1 drivers
v0x55ede6797fb0_0 .net *"_s116", 31 0, L_0x55ede67b7e30;  1 drivers
L_0x7f75b03b0498 .functor BUFT 1, C4<00000000000000000001000001100011>, C4<0>, C4<0>, C4<0>;
v0x55ede6798090_0 .net/2u *"_s118", 31 0, L_0x7f75b03b0498;  1 drivers
v0x55ede6798170_0 .net *"_s120", 0 0, L_0x55ede67b7ef0;  1 drivers
v0x55ede6798230_0 .net *"_s122", 0 0, L_0x55ede67b8170;  1 drivers
v0x55ede6798310_0 .net/2u *"_s124", 31 0, L_0x7f75b03b04e0;  1 drivers
v0x55ede67983f0_0 .net *"_s126", 31 0, L_0x55ede67b82d0;  1 drivers
L_0x7f75b03b0528 .functor BUFT 1, C4<00000000000000000100000001100011>, C4<0>, C4<0>, C4<0>;
v0x55ede67984d0_0 .net/2u *"_s128", 31 0, L_0x7f75b03b0528;  1 drivers
v0x55ede67986c0_0 .net *"_s13", 19 0, L_0x55ede67b52c0;  1 drivers
v0x55ede67987a0_0 .net *"_s130", 0 0, L_0x55ede67b8390;  1 drivers
v0x55ede6798860_0 .net *"_s132", 0 0, L_0x55ede67b84d0;  1 drivers
v0x55ede6798940_0 .net/2u *"_s134", 31 0, L_0x7f75b03b0570;  1 drivers
v0x55ede6798a20_0 .net *"_s136", 31 0, L_0x55ede67b8640;  1 drivers
L_0x7f75b03b05b8 .functor BUFT 1, C4<00000000000000000101000001100011>, C4<0>, C4<0>, C4<0>;
v0x55ede6798b00_0 .net/2u *"_s138", 31 0, L_0x7f75b03b05b8;  1 drivers
v0x55ede6798be0_0 .net *"_s14", 31 0, L_0x55ede67b5360;  1 drivers
v0x55ede6798cc0_0 .net *"_s140", 0 0, L_0x55ede67b86b0;  1 drivers
v0x55ede6798d80_0 .net *"_s142", 0 0, L_0x55ede67b8910;  1 drivers
v0x55ede6798e60_0 .net/2u *"_s144", 31 0, L_0x7f75b03b0600;  1 drivers
v0x55ede6798f40_0 .net *"_s146", 31 0, L_0x55ede67b8a90;  1 drivers
L_0x7f75b03b0648 .functor BUFT 1, C4<00000000000000000110000001100011>, C4<0>, C4<0>, C4<0>;
v0x55ede6799020_0 .net/2u *"_s148", 31 0, L_0x7f75b03b0648;  1 drivers
v0x55ede6799100_0 .net *"_s150", 0 0, L_0x55ede67b8b50;  1 drivers
v0x55ede67991c0_0 .net *"_s152", 0 0, L_0x55ede67b8c90;  1 drivers
v0x55ede67992a0_0 .net/2u *"_s154", 31 0, L_0x7f75b03b0690;  1 drivers
v0x55ede6799380_0 .net *"_s156", 31 0, L_0x55ede67b8a20;  1 drivers
L_0x7f75b03b06d8 .functor BUFT 1, C4<00000000000000000111000001100011>, C4<0>, C4<0>, C4<0>;
v0x55ede6799670_0 .net/2u *"_s158", 31 0, L_0x7f75b03b06d8;  1 drivers
v0x55ede6799750_0 .net *"_s160", 0 0, L_0x55ede67b8e70;  1 drivers
v0x55ede6799810_0 .net *"_s162", 0 0, L_0x55ede67b87f0;  1 drivers
v0x55ede67998f0_0 .net/2u *"_s166", 31 0, L_0x7f75b03b0720;  1 drivers
v0x55ede67999d0_0 .net *"_s168", 31 0, L_0x55ede67b9170;  1 drivers
L_0x7f75b03b0060 .functor BUFT 1, C4<000000000000>, C4<0>, C4<0>, C4<0>;
v0x55ede6799ab0_0 .net *"_s17", 11 0, L_0x7f75b03b0060;  1 drivers
L_0x7f75b03b0768 .functor BUFT 1, C4<00000000000000000000000000000011>, C4<0>, C4<0>, C4<0>;
v0x55ede6799b90_0 .net/2u *"_s170", 31 0, L_0x7f75b03b0768;  1 drivers
v0x55ede6799c70_0 .net *"_s172", 0 0, L_0x55ede67b9230;  1 drivers
v0x55ede6799d30_0 .net/2u *"_s174", 31 0, L_0x7f75b03b07b0;  1 drivers
v0x55ede6799e10_0 .net *"_s176", 31 0, L_0x55ede67b9370;  1 drivers
L_0x7f75b03b07f8 .functor BUFT 1, C4<00000000000000000001000000000011>, C4<0>, C4<0>, C4<0>;
v0x55ede6799ef0_0 .net/2u *"_s178", 31 0, L_0x7f75b03b07f8;  1 drivers
v0x55ede6799fd0_0 .net *"_s180", 0 0, L_0x55ede67b94d0;  1 drivers
v0x55ede679a090_0 .net *"_s182", 0 0, L_0x55ede67b9780;  1 drivers
v0x55ede679a170_0 .net/2u *"_s184", 31 0, L_0x7f75b03b0840;  1 drivers
v0x55ede679a250_0 .net *"_s186", 31 0, L_0x55ede67b9890;  1 drivers
L_0x7f75b03b0888 .functor BUFT 1, C4<00000000000000000010000000000011>, C4<0>, C4<0>, C4<0>;
v0x55ede679a330_0 .net/2u *"_s188", 31 0, L_0x7f75b03b0888;  1 drivers
v0x55ede679a410_0 .net *"_s190", 0 0, L_0x55ede67b9430;  1 drivers
v0x55ede679a4d0_0 .net *"_s192", 0 0, L_0x55ede67b9aa0;  1 drivers
v0x55ede679a5b0_0 .net/2u *"_s194", 31 0, L_0x7f75b03b08d0;  1 drivers
v0x55ede679a690_0 .net *"_s196", 31 0, L_0x55ede67b9bb0;  1 drivers
L_0x7f75b03b0918 .functor BUFT 1, C4<00000000000000000100000000000011>, C4<0>, C4<0>, C4<0>;
v0x55ede679a770_0 .net/2u *"_s198", 31 0, L_0x7f75b03b0918;  1 drivers
v0x55ede679a850_0 .net *"_s20", 19 0, L_0x55ede67b5490;  1 drivers
v0x55ede679a930_0 .net *"_s200", 0 0, L_0x55ede67b9f40;  1 drivers
v0x55ede679a9f0_0 .net *"_s202", 0 0, L_0x55ede67ba1d0;  1 drivers
v0x55ede679aad0_0 .net/2u *"_s204", 31 0, L_0x7f75b03b0960;  1 drivers
v0x55ede679abb0_0 .net *"_s206", 31 0, L_0x55ede67ba2e0;  1 drivers
L_0x7f75b03b09a8 .functor BUFT 1, C4<00000000000000000101000000000011>, C4<0>, C4<0>, C4<0>;
v0x55ede679ac90_0 .net/2u *"_s208", 31 0, L_0x7f75b03b09a8;  1 drivers
v0x55ede679ad70_0 .net *"_s210", 0 0, L_0x55ede67ba470;  1 drivers
v0x55ede679ae30_0 .net *"_s212", 0 0, L_0x55ede67ba5b0;  1 drivers
v0x55ede679af10_0 .net/2u *"_s216", 31 0, L_0x7f75b03b09f0;  1 drivers
v0x55ede679aff0_0 .net *"_s218", 31 0, L_0x55ede67ba6c0;  1 drivers
L_0x7f75b03b00a8 .functor BUFT 1, C4<000000000000>, C4<0>, C4<0>, C4<0>;
v0x55ede679b0d0_0 .net *"_s22", 11 0, L_0x7f75b03b00a8;  1 drivers
L_0x7f75b03b0a38 .functor BUFT 1, C4<00000000000000000000000000100011>, C4<0>, C4<0>, C4<0>;
v0x55ede679b5c0_0 .net/2u *"_s220", 31 0, L_0x7f75b03b0a38;  1 drivers
v0x55ede679b6a0_0 .net *"_s222", 0 0, L_0x55ede67ba860;  1 drivers
v0x55ede679b760_0 .net/2u *"_s224", 31 0, L_0x7f75b03b0a80;  1 drivers
v0x55ede679b840_0 .net *"_s226", 31 0, L_0x55ede67bab00;  1 drivers
L_0x7f75b03b0ac8 .functor BUFT 1, C4<00000000000000000001000000100011>, C4<0>, C4<0>, C4<0>;
v0x55ede679b920_0 .net/2u *"_s228", 31 0, L_0x7f75b03b0ac8;  1 drivers
v0x55ede679ba00_0 .net *"_s230", 0 0, L_0x55ede67babc0;  1 drivers
v0x55ede679bac0_0 .net *"_s232", 0 0, L_0x55ede67bad30;  1 drivers
v0x55ede679bba0_0 .net/2u *"_s234", 31 0, L_0x7f75b03b0b10;  1 drivers
v0x55ede679bc80_0 .net *"_s236", 31 0, L_0x55ede67baf30;  1 drivers
L_0x7f75b03b0b58 .functor BUFT 1, C4<00000000000000000010000000100011>, C4<0>, C4<0>, C4<0>;
v0x55ede679bd60_0 .net/2u *"_s238", 31 0, L_0x7f75b03b0b58;  1 drivers
v0x55ede679be40_0 .net *"_s240", 0 0, L_0x55ede67baff0;  1 drivers
v0x55ede679bf00_0 .net *"_s242", 0 0, L_0x55ede67bb2a0;  1 drivers
v0x55ede679bfe0_0 .net/2u *"_s246", 31 0, L_0x7f75b03b0ba0;  1 drivers
v0x55ede679c0c0_0 .net *"_s248", 31 0, L_0x55ede67bb4b0;  1 drivers
v0x55ede679c1a0_0 .net *"_s25", 0 0, L_0x55ede67b5710;  1 drivers
L_0x7f75b03b0be8 .functor BUFT 1, C4<00000000000000000000000000010011>, C4<0>, C4<0>, C4<0>;
v0x55ede679c280_0 .net/2u *"_s250", 31 0, L_0x7f75b03b0be8;  1 drivers
v0x55ede679c360_0 .net *"_s252", 0 0, L_0x55ede67bb570;  1 drivers
v0x55ede679c420_0 .net/2u *"_s254", 31 0, L_0x7f75b03b0c30;  1 drivers
v0x55ede679c500_0 .net *"_s256", 31 0, L_0x55ede67bb6b0;  1 drivers
L_0x7f75b03b0c78 .functor BUFT 1, C4<00000000000000000010000000010011>, C4<0>, C4<0>, C4<0>;
v0x55ede679c5e0_0 .net/2u *"_s258", 31 0, L_0x7f75b03b0c78;  1 drivers
v0x55ede679c6c0_0 .net *"_s26", 19 0, L_0x55ede67b57b0;  1 drivers
v0x55ede679c7a0_0 .net *"_s260", 0 0, L_0x55ede67bb880;  1 drivers
v0x55ede679c860_0 .net *"_s262", 0 0, L_0x55ede67bbb70;  1 drivers
v0x55ede679c940_0 .net/2u *"_s264", 31 0, L_0x7f75b03b0cc0;  1 drivers
v0x55ede679ca20_0 .net *"_s266", 31 0, L_0x55ede67bbc80;  1 drivers
L_0x7f75b03b0d08 .functor BUFT 1, C4<00000000000000000011000000010011>, C4<0>, C4<0>, C4<0>;
v0x55ede679cb00_0 .net/2u *"_s268", 31 0, L_0x7f75b03b0d08;  1 drivers
v0x55ede679cbe0_0 .net *"_s270", 0 0, L_0x55ede67bbe60;  1 drivers
v0x55ede679cca0_0 .net *"_s272", 0 0, L_0x55ede67bbfa0;  1 drivers
v0x55ede679cd80_0 .net/2u *"_s274", 31 0, L_0x7f75b03b0d50;  1 drivers
v0x55ede679ce60_0 .net *"_s276", 31 0, L_0x55ede67bc0b0;  1 drivers
L_0x7f75b03b0d98 .functor BUFT 1, C4<00000000000000000100000000010011>, C4<0>, C4<0>, C4<0>;
v0x55ede679cf40_0 .net/2u *"_s278", 31 0, L_0x7f75b03b0d98;  1 drivers
v0x55ede679d020_0 .net *"_s280", 0 0, L_0x55ede67bbd40;  1 drivers
v0x55ede679d0e0_0 .net *"_s282", 0 0, L_0x55ede67bc480;  1 drivers
v0x55ede679d1c0_0 .net/2u *"_s284", 31 0, L_0x7f75b03b0de0;  1 drivers
v0x55ede679d2a0_0 .net *"_s286", 31 0, L_0x55ede67bc590;  1 drivers
L_0x7f75b03b0e28 .functor BUFT 1, C4<00000000000000000110000000010011>, C4<0>, C4<0>, C4<0>;
v0x55ede679d380_0 .net/2u *"_s288", 31 0, L_0x7f75b03b0e28;  1 drivers
v0x55ede679d460_0 .net *"_s29", 11 0, L_0x55ede67b5a40;  1 drivers
v0x55ede679d540_0 .net *"_s290", 0 0, L_0x55ede67bc790;  1 drivers
v0x55ede679d600_0 .net *"_s292", 0 0, L_0x55ede67bc8d0;  1 drivers
v0x55ede679d6e0_0 .net/2u *"_s294", 31 0, L_0x7f75b03b0e70;  1 drivers
v0x55ede679d7c0_0 .net *"_s296", 31 0, L_0x55ede67bc9e0;  1 drivers
L_0x7f75b03b0eb8 .functor BUFT 1, C4<00000000000000000111000000010011>, C4<0>, C4<0>, C4<0>;
v0x55ede679d8a0_0 .net/2u *"_s298", 31 0, L_0x7f75b03b0eb8;  1 drivers
v0x55ede679d980_0 .net *"_s300", 0 0, L_0x55ede67bcbf0;  1 drivers
v0x55ede679da40_0 .net *"_s302", 0 0, L_0x55ede67bced0;  1 drivers
v0x55ede679db20_0 .net/2u *"_s306", 31 0, L_0x7f75b03b0f00;  1 drivers
v0x55ede679dc00_0 .net *"_s308", 31 0, L_0x55ede67bcfe0;  1 drivers
L_0x7f75b03b0f48 .functor BUFT 1, C4<00000000000000000001000000010011>, C4<0>, C4<0>, C4<0>;
v0x55ede679dce0_0 .net/2u *"_s310", 31 0, L_0x7f75b03b0f48;  1 drivers
v0x55ede679ddc0_0 .net *"_s312", 0 0, L_0x55ede67bd200;  1 drivers
v0x55ede679de80_0 .net/2u *"_s314", 31 0, L_0x7f75b03b0f90;  1 drivers
v0x55ede679df60_0 .net *"_s316", 31 0, L_0x55ede67bd340;  1 drivers
L_0x7f75b03b0fd8 .functor BUFT 1, C4<00000000000000000101000000010011>, C4<0>, C4<0>, C4<0>;
v0x55ede679e040_0 .net/2u *"_s318", 31 0, L_0x7f75b03b0fd8;  1 drivers
v0x55ede679e120_0 .net *"_s320", 0 0, L_0x55ede67bd400;  1 drivers
v0x55ede679e1e0_0 .net *"_s322", 0 0, L_0x55ede67bd6f0;  1 drivers
v0x55ede679e2c0_0 .net/2u *"_s324", 31 0, L_0x7f75b03b1020;  1 drivers
v0x55ede679e3a0_0 .net *"_s326", 31 0, L_0x55ede67bd970;  1 drivers
L_0x7f75b03b1068 .functor BUFT 1, C4<01000000000000000101000000010011>, C4<0>, C4<0>, C4<0>;
v0x55ede679e480_0 .net/2u *"_s328", 31 0, L_0x7f75b03b1068;  1 drivers
v0x55ede679e560_0 .net *"_s33", 0 0, L_0x55ede67b5bf0;  1 drivers
v0x55ede679e640_0 .net *"_s330", 0 0, L_0x55ede67bda30;  1 drivers
v0x55ede679e700_0 .net *"_s332", 0 0, L_0x55ede67bdb70;  1 drivers
v0x55ede679e7e0_0 .net/2u *"_s336", 31 0, L_0x7f75b03b10b0;  1 drivers
v0x55ede679e8c0_0 .net *"_s338", 31 0, L_0x55ede67bde00;  1 drivers
v0x55ede679e9a0_0 .net *"_s34", 19 0, L_0x55ede67b5c90;  1 drivers
L_0x7f75b03b10f8 .functor BUFT 1, C4<00000000000000000000000000110011>, C4<0>, C4<0>, C4<0>;
v0x55ede679ea80_0 .net/2u *"_s340", 31 0, L_0x7f75b03b10f8;  1 drivers
v0x55ede679eb60_0 .net *"_s342", 0 0, L_0x55ede67bdec0;  1 drivers
v0x55ede679f430_0 .net/2u *"_s344", 31 0, L_0x7f75b03b1140;  1 drivers
v0x55ede679f510_0 .net *"_s346", 31 0, L_0x55ede67be1c0;  1 drivers
L_0x7f75b03b1188 .functor BUFT 1, C4<01000000000000000000000000110011>, C4<0>, C4<0>, C4<0>;
v0x55ede679f5f0_0 .net/2u *"_s348", 31 0, L_0x7f75b03b1188;  1 drivers
v0x55ede679f6d0_0 .net *"_s350", 0 0, L_0x55ede67be410;  1 drivers
v0x55ede679f790_0 .net *"_s352", 0 0, L_0x55ede67be580;  1 drivers
v0x55ede679f870_0 .net/2u *"_s354", 31 0, L_0x7f75b03b11d0;  1 drivers
v0x55ede679f950_0 .net *"_s356", 31 0, L_0x55ede67be690;  1 drivers
L_0x7f75b03b1218 .functor BUFT 1, C4<00000000000000000001000000110011>, C4<0>, C4<0>, C4<0>;
v0x55ede679fa30_0 .net/2u *"_s358", 31 0, L_0x7f75b03b1218;  1 drivers
v0x55ede679fb10_0 .net *"_s360", 0 0, L_0x55ede67bed00;  1 drivers
v0x55ede679fbd0_0 .net *"_s362", 0 0, L_0x55ede67bf010;  1 drivers
v0x55ede679fcb0_0 .net/2u *"_s364", 31 0, L_0x7f75b03b1260;  1 drivers
v0x55ede679fd90_0 .net *"_s366", 31 0, L_0x55ede67bf120;  1 drivers
L_0x7f75b03b12a8 .functor BUFT 1, C4<00000000000000000010000000110011>, C4<0>, C4<0>, C4<0>;
v0x55ede679fe70_0 .net/2u *"_s368", 31 0, L_0x7f75b03b12a8;  1 drivers
v0x55ede679ff50_0 .net *"_s37", 6 0, L_0x55ede67b60c0;  1 drivers
v0x55ede67a0030_0 .net *"_s370", 0 0, L_0x55ede67bf390;  1 drivers
v0x55ede67a00f0_0 .net *"_s372", 0 0, L_0x55ede67bf4d0;  1 drivers
v0x55ede67a01d0_0 .net/2u *"_s374", 31 0, L_0x7f75b03b12f0;  1 drivers
v0x55ede67a02b0_0 .net *"_s376", 31 0, L_0x55ede67bf5e0;  1 drivers
L_0x7f75b03b1338 .functor BUFT 1, C4<00000000000000000011000000110011>, C4<0>, C4<0>, C4<0>;
v0x55ede67a0390_0 .net/2u *"_s378", 31 0, L_0x7f75b03b1338;  1 drivers
v0x55ede67a0470_0 .net *"_s380", 0 0, L_0x55ede67bf860;  1 drivers
v0x55ede67a0530_0 .net *"_s382", 0 0, L_0x55ede67bfb80;  1 drivers
v0x55ede67a0610_0 .net/2u *"_s384", 31 0, L_0x7f75b03b1380;  1 drivers
v0x55ede67a06f0_0 .net *"_s386", 31 0, L_0x55ede67bfc90;  1 drivers
L_0x7f75b03b13c8 .functor BUFT 1, C4<00000000000000000100000000110011>, C4<0>, C4<0>, C4<0>;
v0x55ede67a07d0_0 .net/2u *"_s388", 31 0, L_0x7f75b03b13c8;  1 drivers
v0x55ede67a08b0_0 .net *"_s39", 4 0, L_0x55ede67b6160;  1 drivers
v0x55ede67a0990_0 .net *"_s390", 0 0, L_0x55ede67bff20;  1 drivers
v0x55ede67a0a50_0 .net *"_s392", 0 0, L_0x55ede67c0060;  1 drivers
v0x55ede67a0b30_0 .net/2u *"_s394", 31 0, L_0x7f75b03b1410;  1 drivers
v0x55ede67a0c10_0 .net *"_s396", 31 0, L_0x55ede67c0170;  1 drivers
L_0x7f75b03b1458 .functor BUFT 1, C4<00000000000000000101000000110011>, C4<0>, C4<0>, C4<0>;
v0x55ede67a0cf0_0 .net/2u *"_s398", 31 0, L_0x7f75b03b1458;  1 drivers
v0x55ede67a0dd0_0 .net *"_s400", 0 0, L_0x55ede67c0410;  1 drivers
v0x55ede67a0e90_0 .net *"_s402", 0 0, L_0x55ede67c0740;  1 drivers
v0x55ede67a0f70_0 .net/2u *"_s404", 31 0, L_0x7f75b03b14a0;  1 drivers
v0x55ede67a1050_0 .net *"_s406", 31 0, L_0x55ede67c0850;  1 drivers
L_0x7f75b03b14e8 .functor BUFT 1, C4<01000000000000000101000000110011>, C4<0>, C4<0>, C4<0>;
v0x55ede67a1130_0 .net/2u *"_s408", 31 0, L_0x7f75b03b14e8;  1 drivers
v0x55ede67a1210_0 .net *"_s410", 0 0, L_0x55ede67c0b00;  1 drivers
v0x55ede67a12d0_0 .net *"_s412", 0 0, L_0x55ede67c0c40;  1 drivers
v0x55ede67a13b0_0 .net/2u *"_s414", 31 0, L_0x7f75b03b1530;  1 drivers
v0x55ede67a1490_0 .net *"_s416", 31 0, L_0x55ede67c0d50;  1 drivers
L_0x7f75b03b1578 .functor BUFT 1, C4<00000000000000000110000000110011>, C4<0>, C4<0>, C4<0>;
v0x55ede67a1570_0 .net/2u *"_s418", 31 0, L_0x7f75b03b1578;  1 drivers
v0x55ede67a1650_0 .net *"_s420", 0 0, L_0x55ede67c1010;  1 drivers
v0x55ede67a1710_0 .net *"_s422", 0 0, L_0x55ede67c1350;  1 drivers
v0x55ede67a17f0_0 .net/2u *"_s424", 31 0, L_0x7f75b03b15c0;  1 drivers
v0x55ede67a18d0_0 .net *"_s426", 31 0, L_0x55ede67c1460;  1 drivers
L_0x7f75b03b1608 .functor BUFT 1, C4<00000000000000000111000000110011>, C4<0>, C4<0>, C4<0>;
v0x55ede67a19b0_0 .net/2u *"_s428", 31 0, L_0x7f75b03b1608;  1 drivers
v0x55ede67a1a90_0 .net *"_s43", 0 0, L_0x55ede67b6460;  1 drivers
v0x55ede67a1b70_0 .net *"_s430", 0 0, L_0x55ede67c1730;  1 drivers
v0x55ede67a1c30_0 .net *"_s432", 0 0, L_0x55ede67c1870;  1 drivers
L_0x7f75b03b00f0 .functor BUFT 1, C4<0000000000>, C4<0>, C4<0>, C4<0>;
v0x55ede67a1d10_0 .net/2u *"_s44", 9 0, L_0x7f75b03b00f0;  1 drivers
o0x7f75b03fbd48 .functor BUFZ 27, C4<zzzzzzzzzzzzzzzzzzzzzzzzzzz>; HiZ drive
; Elide local net with no drivers, v0x55ede67a1df0_0 name=_s460
v0x55ede67a1ed0_0 .net *"_s49", 0 0, L_0x55ede67b6730;  1 drivers
v0x55ede67a1fb0_0 .net *"_s51", 6 0, L_0x55ede67b6500;  1 drivers
v0x55ede67a2090_0 .net *"_s53", 2 0, L_0x55ede67b68d0;  1 drivers
v0x55ede67a2170_0 .net *"_s54", 9 0, L_0x55ede67b6a30;  1 drivers
L_0x7f75b03b0138 .functor BUFT 1, C4<0000000>, C4<0>, C4<0>, C4<0>;
v0x55ede67a2250_0 .net/2u *"_s56", 6 0, L_0x7f75b03b0138;  1 drivers
v0x55ede67a2330_0 .net *"_s59", 2 0, L_0x55ede67b6bf0;  1 drivers
v0x55ede67a2410_0 .net *"_s60", 9 0, L_0x55ede67b6d60;  1 drivers
v0x55ede67a24f0_0 .net/2u *"_s66", 31 0, L_0x7f75b03b0180;  1 drivers
v0x55ede67a25d0_0 .net *"_s68", 31 0, L_0x55ede67b5b80;  1 drivers
L_0x7f75b03b01c8 .functor BUFT 1, C4<00000000000000000000000000110111>, C4<0>, C4<0>, C4<0>;
v0x55ede67a26b0_0 .net/2u *"_s70", 31 0, L_0x7f75b03b01c8;  1 drivers
v0x55ede67a2790_0 .net *"_s72", 0 0, L_0x55ede67b71b0;  1 drivers
v0x55ede67a2850_0 .net/2u *"_s76", 31 0, L_0x7f75b03b0210;  1 drivers
v0x55ede67a2930_0 .net *"_s78", 31 0, L_0x55ede6726a10;  1 drivers
L_0x7f75b03b0258 .functor BUFT 1, C4<00000000000000000000000000010111>, C4<0>, C4<0>, C4<0>;
v0x55ede67a2a10_0 .net/2u *"_s80", 31 0, L_0x7f75b03b0258;  1 drivers
v0x55ede67a2af0_0 .net *"_s82", 0 0, L_0x55ede67b7340;  1 drivers
v0x55ede67a2bb0_0 .net/2u *"_s86", 31 0, L_0x7f75b03b02a0;  1 drivers
v0x55ede67a2c90_0 .net *"_s88", 31 0, L_0x55ede6726cb0;  1 drivers
L_0x7f75b03b02e8 .functor BUFT 1, C4<00000000000000000000000001101111>, C4<0>, C4<0>, C4<0>;
v0x55ede67a2d70_0 .net/2u *"_s90", 31 0, L_0x7f75b03b02e8;  1 drivers
v0x55ede67a2e50_0 .net *"_s92", 0 0, L_0x55ede67b75a0;  1 drivers
v0x55ede67a2f10_0 .net/2u *"_s96", 31 0, L_0x7f75b03b0330;  1 drivers
v0x55ede67a2ff0_0 .net *"_s98", 31 0, L_0x55ede67b76e0;  1 drivers
o0x7f75b03fc168 .functor BUFZ 32, C4<zzzzzzzzzzzzzzzzzzzzzzzzzzzzzzzz>; HiZ drive
v0x55ede67a30d0_0 .net "address_data", 31 0, o0x7f75b03fc168;  0 drivers
v0x55ede67a31b0_0 .net "address_instruction", 31 0, L_0x55ede6726b30;  1 drivers
v0x55ede67a3290_0 .var "alu_in1", 31 0;
v0x55ede67a3350_0 .var "alu_in2", 31 0;
v0x55ede67a33f0_0 .net "aluout", 31 0, v0x55ede674ba20_0;  1 drivers
o0x7f75b03f92b8 .functor BUFZ 1, C4<z>; HiZ drive
v0x55ede67a3490_0 .net "clk", 0 0, o0x7f75b03f92b8;  0 drivers
v0x55ede67a3530_0 .var "control", 10 0;
o0x7f75b03fc1f8 .functor BUFZ 32, C4<zzzzzzzzzzzzzzzzzzzzzzzzzzzzzzzz>; HiZ drive
v0x55ede67a35d0_0 .net "data_in", 31 0, o0x7f75b03fc1f8;  0 drivers
o0x7f75b03fc228 .functor BUFZ 32, C4<zzzzzzzzzzzzzzzzzzzzzzzzzzzzzzzz>; HiZ drive
v0x55ede67a36b0_0 .net "data_out", 31 0, o0x7f75b03fc228;  0 drivers
v0x55ede67a3790_0 .net "imm_i", 31 0, L_0x55ede67b5ae0;  1 drivers
v0x55ede67a3870_0 .net "imm_s", 31 0, L_0x55ede67b62c0;  1 drivers
v0x55ede67a3950_0 .net "imm_u", 31 0, L_0x55ede67b5580;  1 drivers
v0x55ede67a3a30_0 .net "instruction", 31 0, o0x7f75b03fc2e8;  0 drivers
v0x55ede67a3b10_0 .net "instruction_type", 36 0, L_0x55ede67c2350;  1 drivers
v0x55ede67a3bf0_0 .var "mux_pc", 1 0;
v0x55ede67a3cd0_0 .var "pc", 31 0;
v0x55ede67a3db0_0 .var "pc_next", 31 0;
v0x55ede67a3e90_0 .net "pc_p4", 31 0, L_0x55ede67b4e70;  1 drivers
v0x55ede67a3f70_0 .net "rd_addr", 4 0, L_0x55ede67b51a0;  1 drivers
v0x55ede67a4060_0 .var "rd_data", 31 0;
v0x55ede67a4130_0 .net "rs1_addr", 4 0, L_0x55ede67b4f70;  1 drivers
v0x55ede67a4200_0 .net "rs1_out", 31 0, L_0x55ede67c1b60;  1 drivers
v0x55ede67a42d0_0 .net "rs2_addr", 4 0, L_0x55ede67b5060;  1 drivers
v0x55ede67a43a0_0 .net "rs2_out", 31 0, L_0x55ede67c1e80;  1 drivers
E_0x55ede6724530 .event edge, v0x55ede67a3530_0, v0x55ede674ba20_0, v0x55ede67a3e90_0, v0x55ede67a35d0_0;
E_0x55ede66e8b60 .event edge, v0x55ede67a3530_0, v0x55ede6797200_0, v0x55ede67a3950_0;
E_0x55ede67783d0/0 .event edge, v0x55ede67a3530_0, v0x55ede67a3cd0_0, v0x55ede67973c0_0, v0x55ede67a3790_0;
E_0x55ede67783d0/1 .event edge, v0x55ede67a3870_0;
E_0x55ede67783d0 .event/or E_0x55ede67783d0/0, E_0x55ede67783d0/1;
E_0x55ede6778410 .event edge, v0x55ede67a3a30_0;
E_0x55ede6714f80 .event edge, v0x55ede67a3e90_0, v0x55ede67a3bf0_0;
L_0x55ede67b4e70 .arith/sum 32, v0x55ede67a3cd0_0, L_0x7f75b03b0018;
L_0x55ede67b4f70 .part o0x7f75b03fc2e8, 15, 5;
L_0x55ede67b5060 .part o0x7f75b03fc2e8, 20, 5;
L_0x55ede67b51a0 .part o0x7f75b03fc2e8, 7, 5;
L_0x55ede67b52c0 .part o0x7f75b03fc2e8, 12, 20;
L_0x55ede67b5360 .concat [ 20 12 0 0], L_0x55ede67b52c0, L_0x7f75b03b0060;
L_0x55ede67b5490 .part L_0x55ede67b5360, 0, 20;
L_0x55ede67b5580 .concat [ 12 20 0 0], L_0x7f75b03b00a8, L_0x55ede67b5490;
L_0x55ede67b5710 .part o0x7f75b03fc2e8, 31, 1;
LS_0x55ede67b57b0_0_0 .concat [ 1 1 1 1], L_0x55ede67b5710, L_0x55ede67b5710, L_0x55ede67b5710, L_0x55ede67b5710;
LS_0x55ede67b57b0_0_4 .concat [ 1 1 1 1], L_0x55ede67b5710, L_0x55ede67b5710, L_0x55ede67b5710, L_0x55ede67b5710;
LS_0x55ede67b57b0_0_8 .concat [ 1 1 1 1], L_0x55ede67b5710, L_0x55ede67b5710, L_0x55ede67b5710, L_0x55ede67b5710;
LS_0x55ede67b57b0_0_12 .concat [ 1 1 1 1], L_0x55ede67b5710, L_0x55ede67b5710, L_0x55ede67b5710, L_0x55ede67b5710;
LS_0x55ede67b57b0_0_16 .concat [ 1 1 1 1], L_0x55ede67b5710, L_0x55ede67b5710, L_0x55ede67b5710, L_0x55ede67b5710;
LS_0x55ede67b57b0_1_0 .concat [ 4 4 4 4], LS_0x55ede67b57b0_0_0, LS_0x55ede67b57b0_0_4, LS_0x55ede67b57b0_0_8, LS_0x55ede67b57b0_0_12;
LS_0x55ede67b57b0_1_4 .concat [ 4 0 0 0], LS_0x55ede67b57b0_0_16;
L_0x55ede67b57b0 .concat [ 16 4 0 0], LS_0x55ede67b57b0_1_0, LS_0x55ede67b57b0_1_4;
L_0x55ede67b5a40 .part o0x7f75b03fc2e8, 20, 12;
L_0x55ede67b5ae0 .concat [ 12 20 0 0], L_0x55ede67b5a40, L_0x55ede67b57b0;
L_0x55ede67b5bf0 .part o0x7f75b03fc2e8, 31, 1;
LS_0x55ede67b5c90_0_0 .concat [ 1 1 1 1], L_0x55ede67b5bf0, L_0x55ede67b5bf0, L_0x55ede67b5bf0, L_0x55ede67b5bf0;
LS_0x55ede67b5c90_0_4 .concat [ 1 1 1 1], L_0x55ede67b5bf0, L_0x55ede67b5bf0, L_0x55ede67b5bf0, L_0x55ede67b5bf0;
LS_0x55ede67b5c90_0_8 .concat [ 1 1 1 1], L_0x55ede67b5bf0, L_0x55ede67b5bf0, L_0x55ede67b5bf0, L_0x55ede67b5bf0;
LS_0x55ede67b5c90_0_12 .concat [ 1 1 1 1], L_0x55ede67b5bf0, L_0x55ede67b5bf0, L_0x55ede67b5bf0, L_0x55ede67b5bf0;
LS_0x55ede67b5c90_0_16 .concat [ 1 1 1 1], L_0x55ede67b5bf0, L_0x55ede67b5bf0, L_0x55ede67b5bf0, L_0x55ede67b5bf0;
LS_0x55ede67b5c90_1_0 .concat [ 4 4 4 4], LS_0x55ede67b5c90_0_0, LS_0x55ede67b5c90_0_4, LS_0x55ede67b5c90_0_8, LS_0x55ede67b5c90_0_12;
LS_0x55ede67b5c90_1_4 .concat [ 4 0 0 0], LS_0x55ede67b5c90_0_16;
L_0x55ede67b5c90 .concat [ 16 4 0 0], LS_0x55ede67b5c90_1_0, LS_0x55ede67b5c90_1_4;
L_0x55ede67b60c0 .part o0x7f75b03fc2e8, 25, 7;
L_0x55ede67b6160 .part o0x7f75b03fc2e8, 7, 5;
L_0x55ede67b62c0 .concat [ 5 7 20 0], L_0x55ede67b6160, L_0x55ede67b60c0, L_0x55ede67b5c90;
L_0x55ede67b6460 .part v0x55ede67a3530_0, 6, 1;
L_0x55ede67b65a0 .functor MUXZ 10, L_0x7f75b03b00f0, L_0x55ede67b6ea0, L_0x55ede67b6460, C4<>;
L_0x55ede67b6730 .part v0x55ede67a3530_0, 7, 1;
L_0x55ede67b6500 .part o0x7f75b03fc2e8, 25, 7;
L_0x55ede67b68d0 .part o0x7f75b03fc2e8, 12, 3;
L_0x55ede67b6a30 .concat [ 3 7 0 0], L_0x55ede67b68d0, L_0x55ede67b6500;
L_0x55ede67b6bf0 .part o0x7f75b03fc2e8, 12, 3;
L_0x55ede67b6d60 .concat [ 3 7 0 0], L_0x55ede67b6bf0, L_0x7f75b03b0138;
L_0x55ede67b6ea0 .functor MUXZ 10, L_0x55ede67b6d60, L_0x55ede67b6a30, L_0x55ede67b6730, C4<>;
L_0x55ede67b71b0 .cmp/eq 32, L_0x55ede67b5b80, L_0x7f75b03b01c8;
L_0x55ede67b7340 .cmp/eq 32, L_0x55ede6726a10, L_0x7f75b03b0258;
L_0x55ede67b75a0 .cmp/eq 32, L_0x55ede6726cb0, L_0x7f75b03b02e8;
L_0x55ede67b79b0 .cmp/eq 32, L_0x55ede67b76e0, L_0x7f75b03b0378;
L_0x55ede67b7cf0 .cmp/eq 32, L_0x55ede67b7bf0, L_0x7f75b03b0408;
L_0x55ede67b7ef0 .cmp/eq 32, L_0x55ede67b7e30, L_0x7f75b03b0498;
L_0x55ede67b8390 .cmp/eq 32, L_0x55ede67b82d0, L_0x7f75b03b0528;
L_0x55ede67b86b0 .cmp/eq 32, L_0x55ede67b8640, L_0x7f75b03b05b8;
L_0x55ede67b8b50 .cmp/eq 32, L_0x55ede67b8a90, L_0x7f75b03b0648;
L_0x55ede67b8e70 .cmp/eq 32, L_0x55ede67b8a20, L_0x7f75b03b06d8;
L_0x55ede67b9230 .cmp/eq 32, L_0x55ede67b9170, L_0x7f75b03b0768;
L_0x55ede67b94d0 .cmp/eq 32, L_0x55ede67b9370, L_0x7f75b03b07f8;
L_0x55ede67b9430 .cmp/eq 32, L_0x55ede67b9890, L_0x7f75b03b0888;
L_0x55ede67b9f40 .cmp/eq 32, L_0x55ede67b9bb0, L_0x7f75b03b0918;
L_0x55ede67ba470 .cmp/eq 32, L_0x55ede67ba2e0, L_0x7f75b03b09a8;
L_0x55ede67ba860 .cmp/eq 32, L_0x55ede67ba6c0, L_0x7f75b03b0a38;
L_0x55ede67babc0 .cmp/eq 32, L_0x55ede67bab00, L_0x7f75b03b0ac8;
L_0x55ede67baff0 .cmp/eq 32, L_0x55ede67baf30, L_0x7f75b03b0b58;
L_0x55ede67bb570 .cmp/eq 32, L_0x55ede67bb4b0, L_0x7f75b03b0be8;
L_0x55ede67bb880 .cmp/eq 32, L_0x55ede67bb6b0, L_0x7f75b03b0c78;
L_0x55ede67bbe60 .cmp/eq 32, L_0x55ede67bbc80, L_0x7f75b03b0d08;
L_0x55ede67bbd40 .cmp/eq 32, L_0x55ede67bc0b0, L_0x7f75b03b0d98;
L_0x55ede67bc790 .cmp/eq 32, L_0x55ede67bc590, L_0x7f75b03b0e28;
L_0x55ede67bcbf0 .cmp/eq 32, L_0x55ede67bc9e0, L_0x7f75b03b0eb8;
L_0x55ede67bd200 .cmp/eq 32, L_0x55ede67bcfe0, L_0x7f75b03b0f48;
L_0x55ede67bd400 .cmp/eq 32, L_0x55ede67bd340, L_0x7f75b03b0fd8;
L_0x55ede67bda30 .cmp/eq 32, L_0x55ede67bd970, L_0x7f75b03b1068;
L_0x55ede67bdec0 .cmp/eq 32, L_0x55ede67bde00, L_0x7f75b03b10f8;
L_0x55ede67be410 .cmp/eq 32, L_0x55ede67be1c0, L_0x7f75b03b1188;
L_0x55ede67bed00 .cmp/eq 32, L_0x55ede67be690, L_0x7f75b03b1218;
L_0x55ede67bf390 .cmp/eq 32, L_0x55ede67bf120, L_0x7f75b03b12a8;
L_0x55ede67bf860 .cmp/eq 32, L_0x55ede67bf5e0, L_0x7f75b03b1338;
L_0x55ede67bff20 .cmp/eq 32, L_0x55ede67bfc90, L_0x7f75b03b13c8;
L_0x55ede67c0410 .cmp/eq 32, L_0x55ede67c0170, L_0x7f75b03b1458;
L_0x55ede67c0b00 .cmp/eq 32, L_0x55ede67c0850, L_0x7f75b03b14e8;
L_0x55ede67c1010 .cmp/eq 32, L_0x55ede67c0d50, L_0x7f75b03b1578;
L_0x55ede67c1730 .cmp/eq 32, L_0x55ede67c1460, L_0x7f75b03b1608;
L_0x55ede67c2000 .part v0x55ede67a3530_0, 5, 1;
LS_0x55ede67c2350_0_0 .concat [ 1 1 1 1], L_0x55ede67b71b0, L_0x55ede67b7340, L_0x55ede67ba5b0, L_0x55ede67bb2a0;
LS_0x55ede67c2350_0_4 .concat [ 1 1 1 1], L_0x55ede67bced0, L_0x55ede67bdb70, L_0x55ede67c1870, L_0x55ede67b87f0;
LS_0x55ede67c2350_0_8 .concat [ 1 1 27 0], L_0x55ede67b75a0, L_0x55ede67b79b0, o0x7f75b03fbd48;
L_0x55ede67c2350 .concat [ 4 4 29 0], LS_0x55ede67c2350_0_0, LS_0x55ede67c2350_0_4, LS_0x55ede67c2350_0_8;
S_0x55ede6718dc0 .scope module, "ALU" "Alu" 2 119, 3 33 0, S_0x55ede6777c80;
 .timescale 0 0;
    .port_info 0 /INPUT 32 "in1"
    .port_info 1 /INPUT 32 "in2"
    .port_info 2 /OUTPUT 32 "out"
    .port_info 3 /INPUT 10 "func"
v0x55ede675d200_0 .net "func", 9 0, L_0x55ede67b65a0;  alias, 1 drivers
v0x55ede6755960_0 .net "in1", 31 0, v0x55ede67a3290_0;  1 drivers
v0x55ede6751e40_0 .net "in2", 31 0, v0x55ede67a3350_0;  1 drivers
v0x55ede674ba20_0 .var "out", 31 0;
E_0x55ede6713210 .event edge, v0x55ede675d200_0, v0x55ede6755960_0, v0x55ede6751e40_0;
S_0x55ede6796080 .scope module, "IntegerRF" "RegisterFile" 2 134, 3 2 0, S_0x55ede6777c80;
 .timescale 0 0;
    .port_info 0 /INPUT 5 "rs1_addr"
    .port_info 1 /INPUT 5 "rs2_addr"
    .port_info 2 /OUTPUT 32 "rs1_out"
    .port_info 3 /OUTPUT 32 "rs2_out"
    .port_info 4 /INPUT 5 "rd_addr"
    .port_info 5 /INPUT 32 "rd_data"
    .port_info 6 /INPUT 1 "write"
    .port_info 7 /INPUT 1 "clk"
L_0x55ede67c1b60 .functor BUFZ 32, L_0x55ede67c1980, C4<00000000000000000000000000000000>, C4<00000000000000000000000000000000>, C4<00000000000000000000000000000000>;
L_0x55ede67c1e80 .functor BUFZ 32, L_0x55ede67c1c70, C4<00000000000000000000000000000000>, C4<00000000000000000000000000000000>, C4<00000000000000000000000000000000>;
v0x55ede6796b50_5 .array/port v0x55ede6796b50, 5;
L_0x55ede67c1f90 .functor BUFZ 32, v0x55ede6796b50_5, C4<00000000000000000000000000000000>, C4<00000000000000000000000000000000>, C4<00000000000000000000000000000000>;
v0x55ede671c680_0 .net *"_s0", 31 0, L_0x55ede67c1980;  1 drivers
v0x55ede671b300_0 .net *"_s10", 6 0, L_0x55ede67c1d10;  1 drivers
L_0x7f75b03b1698 .functor BUFT 1, C4<00>, C4<0>, C4<0>, C4<0>;
v0x55ede67963b0_0 .net *"_s13", 1 0, L_0x7f75b03b1698;  1 drivers
v0x55ede6796470_0 .net *"_s2", 6 0, L_0x55ede67c1a20;  1 drivers
L_0x7f75b03b1650 .functor BUFT 1, C4<00>, C4<0>, C4<0>, C4<0>;
v0x55ede6796550_0 .net *"_s5", 1 0, L_0x7f75b03b1650;  1 drivers
v0x55ede6796630_0 .net *"_s8", 31 0, L_0x55ede67c1c70;  1 drivers
v0x55ede6796710_0 .net "clk", 0 0, o0x7f75b03f92b8;  alias, 0 drivers
v0x55ede67967d0_0 .var/i "i", 31 0;
v0x55ede67968b0_0 .net "rd_addr", 4 0, L_0x55ede67b51a0;  alias, 1 drivers
v0x55ede6796990_0 .net "rd_data", 31 0, v0x55ede67a4060_0;  1 drivers
v0x55ede6796a70_0 .net "reg5test", 31 0, L_0x55ede67c1f90;  1 drivers
v0x55ede6796b50 .array "registers", 0 31, 31 0;
v0x55ede6797120_0 .net "rs1_addr", 4 0, L_0x55ede67b4f70;  alias, 1 drivers
v0x55ede6797200_0 .net "rs1_out", 31 0, L_0x55ede67c1b60;  alias, 1 drivers
v0x55ede67972e0_0 .net "rs2_addr", 4 0, L_0x55ede67b5060;  alias, 1 drivers
v0x55ede67973c0_0 .net "rs2_out", 31 0, L_0x55ede67c1e80;  alias, 1 drivers
v0x55ede67974a0_0 .net "write", 0 0, L_0x55ede67c2000;  1 drivers
E_0x55ede6713540 .event posedge, v0x55ede6796710_0;
L_0x55ede67c1980 .array/port v0x55ede6796b50, L_0x55ede67c1a20;
L_0x55ede67c1a20 .concat [ 5 2 0 0], L_0x55ede67b4f70, L_0x7f75b03b1650;
L_0x55ede67c1c70 .array/port v0x55ede6796b50, L_0x55ede67c1d10;
L_0x55ede67c1d10 .concat [ 5 2 0 0], L_0x55ede67b5060, L_0x7f75b03b1698;
S_0x55ede6713380 .scope module, "MemoryUnit" "MemoryUnit" 3 55;
 .timescale 0 0;
    .port_info 0 /INPUT 1 "clk"
    .port_info 1 /INPUT 32 "address"
    .port_info 2 /INPUT 32 "data_in"
    .port_info 3 /INPUT 1 "write"
    .port_info 4 /OUTPUT 32 "data_out"
P_0x55ede671eac0 .param/l "bits_addr" 0 3 55, +C4<00000000000000000000000000100000>;
P_0x55ede671eb00 .param/l "bits_data" 0 3 55, +C4<00000000000000000000000000100000>;
P_0x55ede671eb40 .param/l "entries" 0 3 55, +C4<00000000000000000000010000000000>;
o0x7f75b03fc528 .functor BUFZ 32, C4<zzzzzzzzzzzzzzzzzzzzzzzzzzzzzzzz>; HiZ drive
v0x55ede67a4550_0 .net "address", 31 0, o0x7f75b03fc528;  0 drivers
o0x7f75b03fc558 .functor BUFZ 1, C4<z>; HiZ drive
v0x55ede67a4650_0 .net "clk", 0 0, o0x7f75b03fc558;  0 drivers
o0x7f75b03fc588 .functor BUFZ 32, C4<zzzzzzzzzzzzzzzzzzzzzzzzzzzzzzzz>; HiZ drive
v0x55ede67a4710_0 .net "data_in", 31 0, o0x7f75b03fc588;  0 drivers
v0x55ede67a4800_0 .var "data_out", 31 0;
v0x55ede67a48e0 .array "memory", 1023 0, 31 0;
o0x7f75b03fc5e8 .functor BUFZ 1, C4<z>; HiZ drive
v0x55ede67a49a0_0 .net "write", 0 0, o0x7f75b03fc5e8;  0 drivers
E_0x55ede6723f40 .event posedge, v0x55ede67a4650_0;
S_0x55ede671ace0 .scope module, "clock_gen" "clock_gen" 3 82;
 .timescale 0 0;
    .port_info 0 /INPUT 1 "in_clk"
    .port_info 1 /OUTPUT 1 "out_clk"
P_0x55ede675d2a0 .param/l "clock_tap" 0 3 82, +C4<00000000000000000000000000010101>;
v0x55ede67a4b40_0 .var "counter", 21 0;
o0x7f75b03fc738 .functor BUFZ 1, C4<z>; HiZ drive
v0x55ede67a4c40_0 .net "in_clk", 0 0, o0x7f75b03fc738;  0 drivers
v0x55ede67a4d00_0 .net "out_clk", 0 0, L_0x55ede67c22b0;  1 drivers
E_0x55ede66fe200 .event posedge, v0x55ede67a4c40_0;
L_0x55ede67c22b0 .part v0x55ede67a4b40_0, 21, 1;
    .scope S_0x55ede6718dc0;
T_0 ;
    %wait E_0x55ede6713210;
    %load/vec4 v0x55ede675d200_0;
    %dup/vec4;
    %pushi/vec4 0, 0, 10;
    %cmp/u;
    %jmp/1 T_0.0, 6;
    %dup/vec4;
    %pushi/vec4 1, 0, 10;
    %cmp/u;
    %jmp/1 T_0.1, 6;
    %dup/vec4;
    %pushi/vec4 2, 0, 10;
    %cmp/u;
    %jmp/1 T_0.2, 6;
    %dup/vec4;
    %pushi/vec4 3, 0, 10;
    %cmp/u;
    %jmp/1 T_0.3, 6;
    %dup/vec4;
    %pushi/vec4 4, 0, 10;
    %cmp/u;
    %jmp/1 T_0.4, 6;
    %dup/vec4;
    %pushi/vec4 5, 0, 10;
    %cmp/u;
    %jmp/1 T_0.5, 6;
    %dup/vec4;
    %pushi/vec4 6, 0, 10;
    %cmp/u;
    %jmp/1 T_0.6, 6;
    %jmp T_0.7;
T_0.0 ;
    %load/vec4 v0x55ede6755960_0;
    %load/vec4 v0x55ede6751e40_0;
    %add;
    %store/vec4 v0x55ede674ba20_0, 0, 32;
    %jmp T_0.7;
T_0.1 ;
    %load/vec4 v0x55ede6755960_0;
    %load/vec4 v0x55ede6751e40_0;
    %sub;
    %store/vec4 v0x55ede674ba20_0, 0, 32;
    %jmp T_0.7;
T_0.2 ;
    %load/vec4 v0x55ede6755960_0;
    %load/vec4 v0x55ede6751e40_0;
    %parti/s 5, 0, 2;
    %ix/vec4 4;
    %shiftl 4;
    %store/vec4 v0x55ede674ba20_0, 0, 32;
    %jmp T_0.7;
T_0.3 ;
    %load/vec4 v0x55ede6755960_0;
    %load/vec4 v0x55ede6751e40_0;
    %parti/s 5, 0, 2;
    %ix/vec4 4;
    %shiftr 4;
    %store/vec4 v0x55ede674ba20_0, 0, 32;
    %jmp T_0.7;
T_0.4 ;
    %load/vec4 v0x55ede6755960_0;
    %load/vec4 v0x55ede6751e40_0;
    %xor;
    %store/vec4 v0x55ede674ba20_0, 0, 32;
    %jmp T_0.7;
T_0.5 ;
    %load/vec4 v0x55ede6755960_0;
    %pushi/vec4 0, 0, 32;
    %cmp/e;
    %flag_get/vec4 4;
    %inv;
    %load/vec4 v0x55ede6751e40_0;
    %pushi/vec4 0, 0, 32;
    %cmp/e;
    %flag_get/vec4 4;
    %inv;
    %or;
    %pad/u 32;
    %store/vec4 v0x55ede674ba20_0, 0, 32;
    %jmp T_0.7;
T_0.6 ;
    %load/vec4 v0x55ede6755960_0;
    %pushi/vec4 0, 0, 32;
    %cmp/e;
    %flag_get/vec4 4;
    %inv;
    %load/vec4 v0x55ede6751e40_0;
    %pushi/vec4 0, 0, 32;
    %cmp/e;
    %flag_get/vec4 4;
    %inv;
    %and;
    %pad/u 32;
    %store/vec4 v0x55ede674ba20_0, 0, 32;
    %jmp T_0.7;
T_0.7 ;
    %pop/vec4 1;
    %jmp T_0;
    .thread T_0, $push;
    .scope S_0x55ede6796080;
T_1 ;
    %vpi_call 3 19 "$dumpfile", "cpu_test.vcd" {0 0 0};
    %pushi/vec4 0, 0, 32;
    %store/vec4 v0x55ede67967d0_0, 0, 32;
T_1.0 ;
    %load/vec4 v0x55ede67967d0_0;
    %cmpi/s 32, 0, 32;
    %jmp/0xz T_1.1, 5;
    %pushi/vec4 0, 0, 32;
    %ix/getv/s 3, v0x55ede67967d0_0;
    %ix/load 4, 0, 0; Constant delay
    %assign/vec4/a/d v0x55ede6796b50, 0, 4;
    %vpi_call 3 22 "$dumpvars", 32'sb00000000000000000000000000000000, &A<v0x55ede6796b50, v0x55ede67967d0_0 > {0 0 0};
    %load/vec4 v0x55ede67967d0_0;
    %addi 1, 0, 32;
    %store/vec4 v0x55ede67967d0_0, 0, 32;
    %jmp T_1.0;
T_1.1 ;
    %end;
    .thread T_1;
    .scope S_0x55ede6796080;
T_2 ;
    %wait E_0x55ede6713540;
    %load/vec4 v0x55ede67968b0_0;
    %pushi/vec4 0, 0, 5;
    %cmp/e;
    %flag_get/vec4 4;
    %inv;
    %load/vec4 v0x55ede67974a0_0;
    %and;
    %flag_set/vec4 8;
    %jmp/0xz  T_2.0, 8;
    %load/vec4 v0x55ede6796990_0;
    %load/vec4 v0x55ede67968b0_0;
    %pad/u 7;
    %ix/vec4 3;
    %ix/load 4, 0, 0; Constant delay
    %assign/vec4/a/d v0x55ede6796b50, 0, 4;
T_2.0 ;
    %jmp T_2;
    .thread T_2;
    .scope S_0x55ede6777c80;
T_3 ;
    %pushi/vec4 0, 0, 32;
    %store/vec4 v0x55ede67a3cd0_0, 0, 32;
    %pushi/vec4 0, 0, 2;
    %store/vec4 v0x55ede67a3bf0_0, 0, 2;
    %pushi/vec4 0, 0, 32;
    %store/vec4 v0x55ede67a3290_0, 0, 32;
    %pushi/vec4 0, 0, 32;
    %store/vec4 v0x55ede67a3350_0, 0, 32;
    %end;
    .thread T_3;
    .scope S_0x55ede6777c80;
T_4 ;
    %wait E_0x55ede6713540;
    %load/vec4 v0x55ede67a3db0_0;
    %assign/vec4 v0x55ede67a3cd0_0, 0;
    %jmp T_4;
    .thread T_4;
    .scope S_0x55ede6777c80;
T_5 ;
    %wait E_0x55ede6714f80;
    %load/vec4 v0x55ede67a3bf0_0;
    %dup/vec4;
    %pushi/vec4 0, 0, 2;
    %cmp/u;
    %jmp/1 T_5.0, 6;
    %load/vec4 v0x55ede67a3e90_0;
    %store/vec4 v0x55ede67a3db0_0, 0, 32;
    %jmp T_5.2;
T_5.0 ;
    %load/vec4 v0x55ede67a3e90_0;
    %store/vec4 v0x55ede67a3db0_0, 0, 32;
    %jmp T_5.2;
T_5.2 ;
    %pop/vec4 1;
    %jmp T_5;
    .thread T_5, $push;
    .scope S_0x55ede6777c80;
T_6 ;
    %wait E_0x55ede6778410;
    %load/vec4 v0x55ede67a3b10_0;
    %dup/vec4;
    %pushi/vec4 1, 0, 37;
    %cmp/u;
    %jmp/1 T_6.0, 6;
    %dup/vec4;
    %pushi/vec4 16, 0, 37;
    %cmp/u;
    %jmp/1 T_6.1, 6;
    %dup/vec4;
    %pushi/vec4 64, 0, 37;
    %cmp/u;
    %jmp/1 T_6.2, 6;
    %jmp T_6.3;
T_6.0 ;
    %pushi/vec4 32, 0, 11;
    %store/vec4 v0x55ede67a3530_0, 0, 11;
    %jmp T_6.3;
T_6.1 ;
    %pushi/vec4 101, 0, 11;
    %store/vec4 v0x55ede67a3530_0, 0, 11;
    %jmp T_6.3;
T_6.2 ;
    %pushi/vec4 225, 0, 11;
    %store/vec4 v0x55ede67a3530_0, 0, 11;
    %jmp T_6.3;
T_6.3 ;
    %pop/vec4 1;
    %jmp T_6;
    .thread T_6, $push;
    .scope S_0x55ede6777c80;
T_7 ;
    %wait E_0x55ede67783d0;
    %load/vec4 v0x55ede67a3530_0;
    %parti/s 2, 1, 2;
    %dup/vec4;
    %pushi/vec4 0, 0, 2;
    %cmp/u;
    %jmp/1 T_7.0, 6;
    %dup/vec4;
    %pushi/vec4 1, 0, 2;
    %cmp/u;
    %jmp/1 T_7.1, 6;
    %dup/vec4;
    %pushi/vec4 2, 0, 2;
    %cmp/u;
    %jmp/1 T_7.2, 6;
    %dup/vec4;
    %pushi/vec4 3, 0, 2;
    %cmp/u;
    %jmp/1 T_7.3, 6;
    %jmp T_7.4;
T_7.0 ;
    %load/vec4 v0x55ede67a43a0_0;
    %assign/vec4 v0x55ede67a3350_0, 0;
    %jmp T_7.4;
T_7.1 ;
    %load/vec4 v0x55ede67a3870_0;
    %assign/vec4 v0x55ede67a3350_0, 0;
    %jmp T_7.4;
T_7.2 ;
    %load/vec4 v0x55ede67a3790_0;
    %assign/vec4 v0x55ede67a3350_0, 0;
    %jmp T_7.4;
T_7.3 ;
    %load/vec4 v0x55ede67a3cd0_0;
    %assign/vec4 v0x55ede67a3350_0, 0;
    %jmp T_7.4;
T_7.4 ;
    %pop/vec4 1;
    %jmp T_7;
    .thread T_7, $push;
    .scope S_0x55ede6777c80;
T_8 ;
    %wait E_0x55ede66e8b60;
    %load/vec4 v0x55ede67a3530_0;
    %parti/s 1, 0, 2;
    %dup/vec4;
    %pushi/vec4 0, 0, 1;
    %cmp/u;
    %jmp/1 T_8.0, 6;
    %dup/vec4;
    %pushi/vec4 1, 0, 1;
    %cmp/u;
    %jmp/1 T_8.1, 6;
    %jmp T_8.2;
T_8.0 ;
    %load/vec4 v0x55ede67a3950_0;
    %assign/vec4 v0x55ede67a3290_0, 0;
    %jmp T_8.2;
T_8.1 ;
    %load/vec4 v0x55ede67a4200_0;
    %assign/vec4 v0x55ede67a3290_0, 0;
    %jmp T_8.2;
T_8.2 ;
    %pop/vec4 1;
    %jmp T_8;
    .thread T_8, $push;
    .scope S_0x55ede6777c80;
T_9 ;
    %wait E_0x55ede6724530;
    %load/vec4 v0x55ede67a3530_0;
    %parti/s 2, 3, 3;
    %dup/vec4;
    %pushi/vec4 0, 0, 2;
    %cmp/u;
    %jmp/1 T_9.0, 6;
    %dup/vec4;
    %pushi/vec4 1, 0, 2;
    %cmp/u;
    %jmp/1 T_9.1, 6;
    %dup/vec4;
    %pushi/vec4 2, 0, 2;
    %cmp/u;
    %jmp/1 T_9.2, 6;
    %jmp T_9.3;
T_9.0 ;
    %load/vec4 v0x55ede67a33f0_0;
    %assign/vec4 v0x55ede67a4060_0, 0;
    %jmp T_9.3;
T_9.1 ;
    %load/vec4 v0x55ede67a3e90_0;
    %assign/vec4 v0x55ede67a4060_0, 0;
    %jmp T_9.3;
T_9.2 ;
    %load/vec4 v0x55ede67a35d0_0;
    %assign/vec4 v0x55ede67a4060_0, 0;
    %jmp T_9.3;
T_9.3 ;
    %pop/vec4 1;
    %jmp T_9;
    .thread T_9, $push;
    .scope S_0x55ede6713380;
T_10 ;
    %pushi/vec4 33556535, 0, 32;
    %ix/load 4, 0, 0;
    %flag_set/imm 4, 0;
    %store/vec4a v0x55ede67a48e0, 4, 0;
    %pushi/vec4 4294412179, 0, 32;
    %ix/load 4, 1, 0;
    %flag_set/imm 4, 0;
    %store/vec4a v0x55ede67a48e0, 4, 0;
    %pushi/vec4 2590611, 0, 32;
    %ix/load 4, 2, 0;
    %flag_set/imm 4, 0;
    %store/vec4a v0x55ede67a48e0, 4, 0;
    %end;
    .thread T_10;
    .scope S_0x55ede6713380;
T_11 ;
    %wait E_0x55ede6723f40;
    %load/vec4 v0x55ede67a49a0_0;
    %flag_set/vec4 8;
    %jmp/0xz  T_11.0, 8;
    %load/vec4 v0x55ede67a4710_0;
    %ix/getv 3, v0x55ede67a4550_0;
    %ix/load 4, 0, 0; Constant delay
    %assign/vec4/a/d v0x55ede67a48e0, 0, 4;
    %jmp T_11.1;
T_11.0 ;
    %ix/getv 4, v0x55ede67a4550_0;
    %load/vec4a v0x55ede67a48e0, 4;
    %assign/vec4 v0x55ede67a4800_0, 0;
T_11.1 ;
    %jmp T_11;
    .thread T_11;
    .scope S_0x55ede671ace0;
T_12 ;
    %pushi/vec4 0, 0, 22;
    %store/vec4 v0x55ede67a4b40_0, 0, 22;
    %end;
    .thread T_12;
    .scope S_0x55ede671ace0;
T_13 ;
    %wait E_0x55ede66fe200;
    %load/vec4 v0x55ede67a4b40_0;
    %addi 1, 0, 22;
    %store/vec4 v0x55ede67a4b40_0, 0, 22;
    %jmp T_13;
    .thread T_13;
# The file index is used to find the file name in the following table.
:file_names 4;
    "N/A";
    "<interactive>";
    "cpu.v";
    "./components.v";
